TN:
SF:src\db\connection.ts
FNF:0
FNH:0
DA:1,0
DA:2,0
DA:3,0
LF:3
LH:0
BRF:0
BRH:0
end_of_record
TN:
SF:src\db\schema.ts
FN:25,(anonymous_0)
FN:37,(anonymous_1)
FN:47,(anonymous_2)
FNF:3
FNH:0
FNDA:0,(anonymous_0)
FNDA:0,(anonymous_1)
FNDA:0,(anonymous_2)
DA:1,0
DA:2,0
DA:4,0
DA:13,0
DA:22,0
DA:25,0
DA:34,0
DA:37,0
DA:44,0
DA:47,0
LF:10
LH:0
BRF:0
BRH:0
end_of_record
TN:
SF:src\http\helpers\order-status-validation.ts
FN:12,isValidStatusTransition
FNF:1
FNH:1
FNDA:52,isValidStatusTransition
DA:2,1
DA:12,1
DA:17,52
DA:18,9
DA:22,43
DA:23,6
DA:27,37
DA:28,37
DA:30,37
DA:31,11
DA:35,26
LF:11
LH:11
BRDA:17,0,0,9
BRDA:17,0,1,43
BRDA:22,1,0,6
BRDA:22,1,1,37
BRDA:23,2,0,6
BRDA:23,2,1,5
BRDA:30,3,0,11
BRDA:30,3,1,26
BRDA:30,4,0,37
BRDA:30,4,1,31
BRF:10
BRH:10
end_of_record
TN:
SF:src\http\routes\create-order.ts
FN:11,(anonymous_0)
FN:18,(anonymous_1)
FN:66,(anonymous_2)
FNF:3
FNH:0
FNDA:0,(anonymous_0)
FNDA:0,(anonymous_1)
FNDA:0,(anonymous_2)
DA:2,0
DA:3,0
DA:8,0
DA:9,0
DA:11,0
DA:12,0
DA:19,0
DA:21,0
DA:23,0
DA:30,0
DA:31,0
DA:41,0
DA:44,0
DA:47,0
DA:50,0
DA:60,0
DA:63,0
DA:66,0
DA:76,0
DA:80,0
DA:81,0
LF:21
LH:0
BRDA:30,0,0,0
BRDA:30,0,1,0
BRF:2
BRH:0
end_of_record
TN:
SF:src\http\routes\get-order-filters.ts
FN:7,(anonymous_0)
FN:14,(anonymous_1)
FN:106,(anonymous_2)
FNF:3
FNH:0
FNDA:0,(anonymous_0)
FNDA:0,(anonymous_1)
FNDA:0,(anonymous_2)
DA:2,0
DA:3,0
DA:4,0
DA:5,0
DA:7,0
DA:8,0
DA:15,0
DA:25,0
DA:28,0
DA:31,0
DA:32,0
DA:36,0
DA:37,0
DA:41,0
DA:42,0
DA:46,0
DA:47,0
DA:50,0
DA:51,0
DA:55,0
DA:58,0
DA:79,0
DA:91,0
DA:99,0
DA:103,0
DA:106,0
DA:125,0
DA:136,0
DA:137,0
LF:29
LH:0
BRDA:31,0,0,0
BRDA:31,0,1,0
BRDA:36,1,0,0
BRDA:36,1,1,0
BRDA:41,2,0,0
BRDA:41,2,1,0
BRDA:46,3,0,0
BRDA:46,3,1,0
BRDA:50,4,0,0
BRDA:50,4,1,0
BRDA:79,5,0,0
BRDA:79,5,1,0
BRDA:99,6,0,0
BRDA:99,6,1,0
BRF:14
BRH:0
end_of_record
TN:
SF:src\http\routes\get-order-summary.ts
FN:7,(anonymous_0)
FN:13,(anonymous_1)
FN:68,(anonymous_2)
FNF:3
FNH:0
FNDA:0,(anonymous_0)
FNDA:0,(anonymous_1)
FNDA:0,(anonymous_2)
DA:2,0
DA:3,0
DA:4,0
DA:5,0
DA:7,0
DA:8,0
DA:14,0
DA:16,0
DA:21,0
DA:26,0
DA:35,0
DA:44,0
DA:45,0
DA:48,0
DA:54,0
DA:63,0
DA:68,0
DA:69,0
DA:70,0
DA:74,0
DA:93,0
DA:94,0
LF:22
LH:0
BRDA:63,0,0,0
BRDA:63,0,1,0
BRDA:77,1,0,0
BRDA:77,1,1,0
BRDA:83,2,0,0
BRDA:83,2,1,0
BRDA:84,3,0,0
BRDA:84,3,1,0
BRDA:85,4,0,0
BRDA:85,4,1,0
BRDA:86,5,0,0
BRDA:86,5,1,0
BRDA:87,6,0,0
BRDA:87,6,1,0
BRDA:88,7,0,0
BRDA:88,7,1,0
BRDA:89,8,0,0
BRDA:89,8,1,0
BRF:18
BRH:0
end_of_record
TN:
SF:src\http\routes\get-order.ts
FN:11,(anonymous_0)
FN:18,(anonymous_1)
FNF:2
FNH:0
FNDA:0,(anonymous_0)
FNDA:0,(anonymous_1)
DA:2,0
DA:7,0
DA:8,0
DA:9,0
DA:11,0
DA:12,0
DA:19,0
DA:21,0
DA:24,0
DA:31,0
DA:32,0
DA:36,0
DA:43,0
DA:44,0
DA:48,0
DA:54,0
DA:58,0
DA:59,0
LF:18
LH:0
BRDA:31,0,0,0
BRDA:31,0,1,0
BRDA:43,1,0,0
BRDA:43,1,1,0
BRF:4
BRH:0
end_of_record
TN:
SF:src\http\routes\update-order-status.ts
FN:10,(anonymous_0)
FN:16,(anonymous_1)
FNF:2
FNH:0
FNDA:0,(anonymous_0)
FNDA:0,(anonymous_1)
DA:2,0
DA:3,0
DA:4,0
DA:5,0
DA:6,0
DA:7,0
DA:8,0
DA:10,0
DA:11,0
DA:17,0
DA:19,0
DA:20,0
DA:23,0
DA:30,0
DA:31,0
DA:35,0
DA:36,0
DA:39,0
DA:40,0
DA:43,0
DA:44,0
DA:47,0
DA:48,0
DA:54,0
DA:61,0
DA:64,0
DA:73,0
DA:77,0
DA:78,0
LF:29
LH:0
BRDA:30,0,0,0
BRDA:30,0,1,0
BRDA:39,1,0,0
BRDA:39,1,1,0
BRDA:43,2,0,0
BRDA:43,2,1,0
BRDA:47,3,0,0
BRDA:47,3,1,0
BRF:8
BRH:0
end_of_record
TN:
SF:src\http\routes\schemas\create-order-schema.ts
FNF:0
FNH:0
DA:1,1
DA:3,1
LF:2
LH:2
BRF:0
BRH:0
end_of_record
TN:
SF:src\http\routes\schemas\get-order-filters-schema.ts
FNF:0
FNH:0
DA:1,1
DA:3,1
LF:2
LH:2
BRF:0
BRH:0
end_of_record
TN:
SF:src\http\routes\schemas\get-order-schema.ts
FNF:0
FNH:0
DA:1,1
DA:3,1
LF:2
LH:2
BRF:0
BRH:0
end_of_record
TN:
SF:src\http\routes\schemas\get-order-summary-schema.ts
FNF:0
FNH:0
DA:1,0
DA:3,0
LF:2
LH:0
BRF:0
BRH:0
end_of_record
TN:
SF:src\http\routes\schemas\update-order-status-schema.ts
FNF:0
FNH:0
DA:1,1
DA:3,1
LF:2
LH:2
BRF:0
BRH:0
end_of_record
TN:
SF:src\queue\connection.ts
FN:4,connectRabbitMQ
FNF:1
FNH:0
FNDA:0,connectRabbitMQ
DA:1,0
DA:2,0
DA:4,0
DA:6,0
DA:9,0
DA:12,0
DA:15,0
DA:18,0
DA:19,0
DA:23,0
DA:26,0
LF:11
LH:0
BRDA:18,0,0,0
BRDA:18,0,1,0
BRDA:18,1,0,0
BRDA:18,1,1,0
BRF:4
BRH:0
end_of_record
TN:
SF:src\queue\producer.ts
FN:5,publishOrderStatusUpdate
FNF:1
FNH:0
FNDA:0,publishOrderStatusUpdate
DA:2,0
DA:5,0
DA:17,0
DA:19,0
DA:22,0
DA:26,0
DA:28,0
DA:29,0
LF:8
LH:0
BRF:0
BRH:0
end_of_record
TN:
SF:src\queue\queues.ts
FN:8,setupQueues
FNF:1
FNH:0
FNDA:0,setupQueues
DA:4,0
DA:8,0
DA:10,0
DA:12,0
LF:4
LH:0
BRF:0
BRH:0
end_of_record
TN:
SF:src\worker\consumer.ts
FN:9,setupConsumer
FN:18,(anonymous_1)
FNF:2
FNH:0
FNDA:0,setupConsumer
FNDA:0,(anonymous_1)
DA:1,0
DA:3,0
DA:5,0
DA:6,0
DA:9,0
DA:11,0
DA:16,0
DA:19,0
DA:20,0
DA:22,0
DA:25,0
DA:32,0
DA:35,0
DA:40,0
DA:43,0
DA:46,0
DA:49,0
DA:53,0
DA:56,0
DA:60,0
DA:63,0
DA:75,0
LF:22
LH:0
BRDA:19,0,0,0
BRDA:19,0,1,0
BRDA:49,1,0,0
BRDA:49,1,1,0
BRDA:50,2,0,0
BRDA:50,2,1,0
BRF:6
BRH:0
end_of_record
TN:
SF:src\worker\process-order-status-update.ts
FN:12,processOrderStatusUpdate
FNF:1
FNH:0
FNDA:0,processOrderStatusUpdate
DA:1,0
DA:2,0
DA:3,0
DA:10,0
DA:12,0
DA:15,0
DA:17,0
DA:29,0
DA:30,0
DA:34,0
DA:37,0
DA:42,0
DA:45,0
DA:53,0
DA:57,0
DA:58,0
LF:16
LH:0
BRDA:29,0,0,0
BRDA:29,0,1,0
BRF:2
BRH:0
end_of_record
TN:
SF:src\worker\helpers\format-log-timestamp.ts
FN:1,formatLogTimestamp
FNF:1
FNH:1
FNDA:13,formatLogTimestamp
DA:1,1
DA:2,13
DA:3,13
DA:4,13
DA:5,13
DA:6,13
DA:7,13
DA:8,13
DA:10,13
LF:9
LH:9
BRF:0
BRH:0
end_of_record
TN:
SF:src\worker\helpers\validate-payload-msg.ts
FN:29,validateOrderStatusUpdatePayload
FNF:1
FNH:1
FNDA:82,validateOrderStatusUpdatePayload
DA:1,1
DA:4,1
DA:29,1
DA:30,82
LF:4
LH:4
BRF:0
BRH:0
end_of_record
